::1 - - [27/Aug/2022:02:16:26 +0000] "GET / HTTP/1.1" 200 - "-" "Mozilla/5.0 (Windows NT 10.0; Win64; x64) AppleWebKit/537.36 (KHTML, like Gecko) Chrome/104.0.0.0 Safari/537.36"
::1 - - [27/Aug/2022:02:16:26 +0000] "GET /css/main.css HTTP/1.1" 304 - "-" "Mozilla/5.0 (Windows NT 10.0; Win64; x64) AppleWebKit/537.36 (KHTML, like Gecko) Chrome/104.0.0.0 Safari/537.36"
::1 - - [27/Aug/2022:02:16:26 +0000] "GET /css/product.css HTTP/1.1" 304 - "-" "Mozilla/5.0 (Windows NT 10.0; Win64; x64) AppleWebKit/537.36 (KHTML, like Gecko) Chrome/104.0.0.0 Safari/537.36"
::1 - - [27/Aug/2022:02:16:26 +0000] "GET /js/main.js HTTP/1.1" 304 - "-" "Mozilla/5.0 (Windows NT 10.0; Win64; x64) AppleWebKit/537.36 (KHTML, like Gecko) Chrome/104.0.0.0 Safari/537.36"
::1 - - [27/Aug/2022:02:16:26 +0000] "GET /images/ff3dc4b0-85f1-4296-83fc-f3091ef647b5-book.jpg HTTP/1.1" 304 - "-" "Mozilla/5.0 (Windows NT 10.0; Win64; x64) AppleWebKit/537.36 (KHTML, like Gecko) Chrome/104.0.0.0 Safari/537.36"
::1 - - [27/Aug/2022:02:17:23 +0000] "GET / HTTP/1.1" 200 - "-" "Mozilla/5.0 (Windows NT 10.0; Win64; x64) AppleWebKit/537.36 (KHTML, like Gecko) Chrome/104.0.0.0 Safari/537.36"
::1 - - [27/Aug/2022:02:17:23 +0000] "GET /css/main.css HTTP/1.1" 304 - "-" "Mozilla/5.0 (Windows NT 10.0; Win64; x64) AppleWebKit/537.36 (KHTML, like Gecko) Chrome/104.0.0.0 Safari/537.36"
::1 - - [27/Aug/2022:02:17:23 +0000] "GET /css/product.css HTTP/1.1" 304 - "-" "Mozilla/5.0 (Windows NT 10.0; Win64; x64) AppleWebKit/537.36 (KHTML, like Gecko) Chrome/104.0.0.0 Safari/537.36"
::1 - - [27/Aug/2022:02:17:23 +0000] "GET /js/main.js HTTP/1.1" 304 - "-" "Mozilla/5.0 (Windows NT 10.0; Win64; x64) AppleWebKit/537.36 (KHTML, like Gecko) Chrome/104.0.0.0 Safari/537.36"
::1 - - [27/Aug/2022:02:17:23 +0000] "GET /images/ff3dc4b0-85f1-4296-83fc-f3091ef647b5-book.jpg HTTP/1.1" 304 - "-" "Mozilla/5.0 (Windows NT 10.0; Win64; x64) AppleWebKit/537.36 (KHTML, like Gecko) Chrome/104.0.0.0 Safari/537.36"
GET / 200 - - 286.829 ms
GET /css/main.css 304 - - 2.663 ms
GET /css/product.css 304 - - 2.906 ms
GET /js/main.js 304 - - 0.878 ms
GET /images/ff3dc4b0-85f1-4296-83fc-f3091ef647b5-book.jpg 304 - - 1.580 ms
GET / 200 - - 337.747 ms
GET /css/main.css 200 - - 10.566 ms
GET /css/product.css 200 381 - 1.736 ms
GET /js/main.js 200 535 - 5.186 ms
GET /images/ff3dc4b0-85f1-4296-83fc-f3091ef647b5-book.jpg 200 113090 - 7.887 ms
GET /favicon.ico 404 - - 143.337 ms
GET /products 200 - - 295.212 ms
GET /css/main.css 304 - - 2.849 ms
GET /css/product.css 304 - - 2.597 ms
GET /images/ff3dc4b0-85f1-4296-83fc-f3091ef647b5-book.jpg 304 - - 3.280 ms
GET /js/main.js 304 - - 1.448 ms
GET / 200 - - 190.093 ms
GET /css/product.css 304 - - 2.013 ms
GET /css/main.css 304 - - 2.475 ms
GET /js/main.js 304 - - 1.915 ms
GET /images/ff3dc4b0-85f1-4296-83fc-f3091ef647b5-book.jpg 304 - - 6.367 ms
GET /images/601bb804-1b04-495a-8f51-3af58f177574-book.jpg 404 - - 82.343 ms
GET /favicon.ico 404 - - 73.954 ms
GET /login 200 - - 73.974 ms
GET /css/main.css 304 - - 3.129 ms
GET /js/main.js 304 - - 1.407 ms
GET /css/forms.css 200 483 - 8.884 ms
GET /css/auth.css 200 114 - 10.381 ms
POST /login 302 46 - 704.854 ms
GET / 200 - - 289.484 ms
GET /css/main.css 304 - - 0.766 ms
GET /css/product.css 304 - - 1.070 ms
GET /js/main.js 304 - - 2.455 ms
GET /images/ff3dc4b0-85f1-4296-83fc-f3091ef647b5-book.jpg 304 - - 3.010 ms
GET /images/601bb804-1b04-495a-8f51-3af58f177574-book.jpg 404 - - 146.896 ms
GET /products/6309d862d237803353339c8f 200 - - 212.291 ms
GET /css/main.css 304 - - 0.760 ms
GET /js/main.js 304 - - 0.588 ms
GET / 200 - - 280.412 ms
GET /products/62fb56b09a1b2d201b7148e0 200 - - 206.524 ms
GET /css/main.css 304 - - 0.984 ms
GET /js/main.js 304 - - 0.688 ms
GET / 200 - - 267.187 ms
GET /admin/products 200 - - 275.731 ms
GET /css/main.css 304 - - 0.868 ms
GET /css/product.css 304 - - 2.168 ms
GET /images/ff3dc4b0-85f1-4296-83fc-f3091ef647b5-book.jpg 304 - - 1.574 ms
GET /js/main.js 304 - - 2.454 ms
GET /js/admin.js 200 578 - 5.220 ms
GET /images/601bb804-1b04-495a-8f51-3af58f177574-book.jpg 404 - - 134.372 ms
GET /admin/add-product 200 - - 139.032 ms
GET /css/main.css 304 - - 1.401 ms
GET /css/forms.css 304 - - 3.532 ms
GET /css/product.css 304 - - 2.130 ms
GET /js/main.js 304 - - 2.926 ms
POST /admin/add-product 302 74 - 247.742 ms
GET /admin/products 200 - - 268.381 ms
GET /css/main.css 304 - - 1.091 ms
GET /css/product.css 304 - - 2.383 ms
GET /js/main.js 304 - - 3.212 ms
GET /js/admin.js 304 - - 2.974 ms
GET /images/ff3dc4b0-85f1-4296-83fc-f3091ef647b5-book.jpg 304 - - 2.118 ms
GET /images/601bb804-1b04-495a-8f51-3af58f177574-book.jpg 404 - - 140.233 ms
GET /admin/products?page=2 200 - - 277.042 ms
GET /css/main.css 304 - - 0.851 ms
GET /css/product.css 304 - - 0.818 ms
GET /js/main.js 304 - - 0.948 ms
GET /js/admin.js 304 - - 1.025 ms
GET /images/7bd1143e-a937-45f9-9992-1b11e5c36664-book.jpg 200 113090 - 3.809 ms
GET /admin/edit-product/6309d8ad1da8efae1b2f90da?edit=true 200 - - 203.710 ms
GET /css/main.css 304 - - 1.974 ms
GET /css/forms.css 304 - - 1.789 ms
GET /css/product.css 304 - - 2.030 ms
GET /js/main.js 304 - - 2.726 ms
GET / 200 - - 263.409 ms
GET /css/main.css 304 - - 2.880 ms
GET /css/product.css 304 - - 1.429 ms
GET /js/main.js 304 - - 1.369 ms
GET /images/ff3dc4b0-85f1-4296-83fc-f3091ef647b5-book.jpg 304 - - 3.838 ms
GET /images/601bb804-1b04-495a-8f51-3af58f177574-book.jpg 404 - - 142.750 ms
GET /?page=2 200 - - 271.883 ms
GET /css/main.css 304 - - 2.808 ms
GET /css/product.css 304 - - 2.648 ms
GET /js/main.js 304 - - 0.577 ms
GET /images/7bd1143e-a937-45f9-9992-1b11e5c36664-book.jpg 304 - - 1.246 ms
GET /products/6309d8ad1da8efae1b2f90da 200 - - 209.424 ms
GET /css/main.css 304 - - 3.862 ms
GET /js/main.js 304 - - 0.628 ms
GET / 200 - - 275.325 ms
GET / 200 - - 262.670 ms
GET /css/main.css 304 - - 1.913 ms
GET /css/product.css 304 - - 1.446 ms
GET /js/main.js 304 - - 2.619 ms
GET /images/ff3dc4b0-85f1-4296-83fc-f3091ef647b5-book.jpg 304 - - 1.339 ms
GET /images/601bb804-1b04-495a-8f51-3af58f177574-book.jpg 404 - - 134.696 ms
GET /css/main.css 304 - - 1.307 ms
GET /css/product.css 304 - - 1.413 ms
GET /admin/products 200 - - 479.941 ms
GET /css/main.css 304 - - 1.376 ms
GET /css/product.css 304 - - 1.030 ms
GET /js/main.js 304 - - 1.983 ms
GET /js/admin.js 304 - - 2.009 ms
GET /images/ff3dc4b0-85f1-4296-83fc-f3091ef647b5-book.jpg 304 - - 3.377 ms
GET /images/601bb804-1b04-495a-8f51-3af58f177574-book.jpg 404 - - 244.712 ms
GET /admin/products?page=2 200 - - 259.391 ms
GET /css/main.css 304 - - 1.217 ms
GET /css/product.css 304 - - 1.008 ms
GET /js/main.js 304 - - 2.073 ms
GET /js/admin.js 304 - - 1.158 ms
GET /images/7bd1143e-a937-45f9-9992-1b11e5c36664-book.jpg 304 - - 4.545 ms
GET /admin/products?page=1 200 - - 262.249 ms
GET /css/main.css 304 - - 0.634 ms
GET /css/product.css 304 - - 0.768 ms
GET /js/main.js 304 - - 2.919 ms
GET /js/admin.js 304 - - 2.499 ms
GET /images/ff3dc4b0-85f1-4296-83fc-f3091ef647b5-book.jpg 304 - - 4.732 ms
GET /images/601bb804-1b04-495a-8f51-3af58f177574-book.jpg 404 - - 140.034 ms
GET / 200 - - 273.287 ms
GET /css/main.css 304 - - 2.637 ms
GET /css/product.css 304 - - 0.680 ms
GET /js/main.js 304 - - 1.420 ms
GET /images/ff3dc4b0-85f1-4296-83fc-f3091ef647b5-book.jpg 304 - - 2.729 ms
GET /images/601bb804-1b04-495a-8f51-3af58f177574-book.jpg 404 - - 140.674 ms
GET / 200 - - 270.148 ms
GET /css/main.css 304 - - 4.151 ms
GET /css/product.css 304 - - 3.306 ms
GET /js/main.js 304 - - 2.913 ms
GET / 200 - - 266.346 ms
GET /js/main.js 304 - - 4.214 ms
GET /css/main.css 304 - - 4.253 ms
GET /css/product.css 304 - - 2.153 ms
GET /admin/add-product 200 - - 142.343 ms
GET /css/main.css 304 - - 3.831 ms
GET /css/forms.css 304 - - 1.341 ms
GET /css/product.css 304 - - 1.233 ms
GET /js/main.js 304 - - 1.336 ms
POST /admin/add-product 302 74 - 214.572 ms
GET /admin/products 200 - - 275.006 ms
GET /css/main.css 304 - - 6.124 ms
GET /css/product.css 304 - - 1.237 ms
GET /js/main.js 304 - - 2.322 ms
GET /js/admin.js 304 - - 1.154 ms
GET /images/69f79f15-3005-4159-81f9-74525198b07a-book.jpg 200 113090 - 4.018 ms
GET /admin/edit-product/6309d9991da8efae1b2f910c?edit=true 200 - - 199.574 ms
GET /css/main.css 304 - - 6.969 ms
GET /css/forms.css 304 - - 8.130 ms
GET /css/product.css 304 - - 4.689 ms
GET /js/main.js 304 - - 4.429 ms
POST /admin/edit-product 302 74 - 283.375 ms
GET /admin/products 200 - - 271.750 ms
GET /css/main.css 304 - - 0.529 ms
GET /css/product.css 304 - - 0.537 ms
GET /js/main.js 304 - - 1.995 ms
GET /js/admin.js 304 - - 1.484 ms
GET /images/69f79f15-3005-4159-81f9-74525198b07a-book.jpg 304 - - 1.782 ms
GET /admin/edit-product/6309d9991da8efae1b2f910c?edit=true 200 - - 198.210 ms
GET /css/main.css 304 - - 4.038 ms
GET /css/forms.css 304 - - 4.166 ms
GET /css/product.css 304 - - 3.836 ms
GET /js/main.js 304 - - 3.631 ms
GET / 200 - - 259.565 ms
GET /css/main.css 304 - - 0.890 ms
GET /css/product.css 304 - - 0.688 ms
GET /js/main.js 304 - - 0.545 ms
GET /images/69f79f15-3005-4159-81f9-74525198b07a-book.jpg 304 - - 1.042 ms
GET /products/6309d9991da8efae1b2f910c 200 - - 200.016 ms
GET /css/main.css 304 - - 3.893 ms
GET /js/main.js 304 - - 0.565 ms
GET / 200 - - 272.942 ms
GET /cart 200 - - 143.425 ms
GET /css/main.css 304 - - 0.458 ms
GET /js/main.js 304 - - 0.741 ms
GET /css/cart.css 200 405 - 2.808 ms
GET / 200 - - 268.196 ms
GET /css/main.css 304 - - 0.880 ms
GET /css/product.css 304 - - 0.926 ms
GET /js/main.js 304 - - 1.311 ms
GET /images/69f79f15-3005-4159-81f9-74525198b07a-book.jpg 304 - - 1.424 ms
POST /cart 302 54 - 283.599 ms
GET /cart 200 - - 207.868 ms
GET /js/main.js 304 - - 1.411 ms
GET /css/main.css 304 - - 3.056 ms
GET /css/cart.css 304 - - 4.337 ms
POST /cart-delete-item 302 54 - 200.443 ms
GET /cart 200 - - 132.813 ms
GET /css/main.css 304 - - 2.527 ms
GET /css/cart.css 304 - - 4.094 ms
GET /js/main.js 304 - - 3.952 ms
GET / 200 - - 271.789 ms
GET /css/main.css 304 - - 0.824 ms
GET /css/product.css 304 - - 0.652 ms
GET /js/main.js 304 - - 1.421 ms
GET /images/69f79f15-3005-4159-81f9-74525198b07a-book.jpg 304 - - 1.133 ms
GET /orders 200 - - 200.713 ms
GET /css/main.css 304 - - 1.601 ms
GET /js/main.js 304 - - 1.063 ms
GET /css/orders.css 200 430 - 2.201 ms
GET /orders/62fb6a91b43822dad8a70e4e 200 - - 218.442 ms
GET /admin/products 200 - - 346.539 ms
GET /css/main.css 304 - - 1.087 ms
GET /css/product.css 304 - - 2.417 ms
GET /js/main.js 304 - - 1.660 ms
GET /js/admin.js 304 - - 2.015 ms
GET /images/69f79f15-3005-4159-81f9-74525198b07a-book.jpg 304 - - 3.235 ms
GET /admin/products 200 - - 262.517 ms
GET /css/main.css 304 - - 1.091 ms
GET /css/product.css 304 - - 1.895 ms
GET /js/main.js 304 - - 0.742 ms
GET /images/69f79f15-3005-4159-81f9-74525198b07a-book.jpg 304 - - 2.289 ms
GET /js/admin.js 304 - - 0.415 ms
GET /admin/products 200 - - 259.964 ms
GET /css/main.css 304 - - 1.405 ms
GET /css/product.css 304 - - 1.402 ms
GET /js/main.js 304 - - 1.239 ms
GET /js/admin.js 304 - - 1.065 ms
GET /images/69f79f15-3005-4159-81f9-74525198b07a-book.jpg 304 - - 1.250 ms
GET /products 200 - - 265.926 ms
GET /css/product.css 200 381 - 10.203 ms
GET /js/main.js 200 535 - 11.271 ms
GET /css/main.css 200 - - 9.361 ms
GET /favicon.ico 404 - - 142.192 ms
GET /admin/add-product 200 - - 123.465 ms
GET /css/main.css 304 - - 1.601 ms
GET /css/product.css 304 - - 4.634 ms
GET /js/main.js 304 - - 3.929 ms
GET /css/forms.css 200 483 - 9.456 ms
POST /admin/add-product 302 74 - 237.076 ms
GET /admin/products 200 - - 251.674 ms
GET /css/main.css 304 - - 3.265 ms
GET /css/product.css 304 - - 3.227 ms
GET /js/main.js 304 - - 1.339 ms
GET /images/4ea777e2-c055-494a-b619-bd8ea8cc7363-coffee.JPG 200 165927 - 3.390 ms
GET /js/admin.js 200 578 - 5.954 ms
GET / 200 - - 249.538 ms
GET /css/main.css 304 - - 0.995 ms
GET /css/product.css 304 - - 2.621 ms
GET /js/main.js 304 - - 1.226 ms
GET /images/4ea777e2-c055-494a-b619-bd8ea8cc7363-coffee.JPG 304 - - 1.713 ms
GET /products/6309dd6ff7f748df7cf88e42 200 - - 198.094 ms
GET /css/main.css 304 - - 1.273 ms
GET /js/main.js 304 - - 1.138 ms
GET / 200 - - 244.959 ms
GET / 200 - - 249.186 ms
GET /css/main.css 304 - - 2.475 ms
GET /css/product.css 304 - - 3.200 ms
GET /js/main.js 304 - - 2.735 ms
GET /images/4ea777e2-c055-494a-b619-bd8ea8cc7363-coffee.JPG 304 - - 3.264 ms
POST /cart 302 54 - 318.338 ms
GET /cart 200 - - 199.154 ms
GET /css/main.css 304 - - 0.681 ms
GET /js/main.js 304 - - 0.530 ms
GET /css/cart.css 200 405 - 2.882 ms
GET /admin/products 200 - - 267.757 ms
GET /css/main.css 304 - - 1.395 ms
GET /css/product.css 304 - - 1.778 ms
GET /js/main.js 304 - - 2.221 ms
GET /js/admin.js 304 - - 2.746 ms
GET /images/4ea777e2-c055-494a-b619-bd8ea8cc7363-coffee.JPG 304 - - 3.218 ms
DELETE /admin/product/6309dd6ff7f748df7cf88e42 200 21 - 306.951 ms
GET / 200 - - 240.342 ms
GET /js/main.js 304 - - 1.458 ms
GET /css/main.css 304 - - 1.413 ms
GET /css/product.css 304 - - 1.676 ms
GET /products 200 - - 260.524 ms
GET /css/main.css 304 - - 1.581 ms
GET /css/product.css 304 - - 1.457 ms
GET /js/main.js 304 - - 1.347 ms
GET / 200 2718 - 324.708 ms
GET /css/main.css 304 - - 3.654 ms
GET /css/product.css 304 - - 3.872 ms
GET /js/main.js 304 - - 4.082 ms
GET /admin/add-product 200 4466 - 141.097 ms
GET /css/main.css 304 - - 5.641 ms
GET /css/forms.css 304 - - 4.801 ms
GET /css/product.css 304 - - 3.123 ms
GET /js/main.js 304 - - 3.281 ms
GET /admin/products 200 2863 - 278.379 ms
GET /css/main.css 304 - - 5.365 ms
GET /css/product.css 304 - - 3.190 ms
GET /js/main.js 304 - - 3.447 ms
GET /js/admin.js 304 - - 3.647 ms
GET /admin/add-product 200 4466 - 142.048 ms
GET /css/main.css 304 - - 4.930 ms
GET /css/forms.css 304 - - 2.503 ms
GET /css/product.css 304 - - 2.619 ms
GET /js/main.js 304 - - 2.852 ms
POST /admin/add-product 302 74 - 263.174 ms
GET /admin/products 200 4589 - 281.101 ms
GET /css/main.css 304 - - 1.668 ms
GET /css/product.css 304 - - 1.448 ms
GET /js/main.js 304 - - 1.045 ms
GET /js/admin.js 304 - - 1.471 ms
GET /images/57f177c7-12d1-4e68-8863-8409b6388ac7-coffee.JPG 200 165927 - 5.213 ms
GET / 200 4093 - 285.880 ms
GET /css/main.css 304 - - 0.737 ms
GET /css/product.css 304 - - 0.934 ms
GET /js/main.js 304 - - 0.905 ms
GET /images/57f177c7-12d1-4e68-8863-8409b6388ac7-coffee.JPG 304 - - 1.524 ms
GET /products/6309dd974bb9c802483793ec 200 3232 - 210.801 ms
GET /css/main.css 304 - - 0.634 ms
GET /js/main.js 304 - - 0.529 ms
GET / 200 4093 - 285.722 ms
GET /products/6309dd974bb9c802483793ec 200 3232 - 242.484 ms
GET /css/main.css 304 - - 2.030 ms
GET /js/main.js 304 - - 0.715 ms
GET / 200 4093 - 281.167 ms
GET / 200 4093 - 277.571 ms
GET /css/main.css 304 - - 1.620 ms
GET /css/product.css 304 - - 1.108 ms
GET /js/main.js 304 - - 1.388 ms
GET /images/57f177c7-12d1-4e68-8863-8409b6388ac7-coffee.JPG 304 - - 1.659 ms
GET /products/6309dd974bb9c802483793ec 200 3232 - 217.811 ms
GET /css/main.css 304 - - 2.379 ms
GET /js/main.js 304 - - 1.151 ms
GET / 200 4093 - 287.476 ms
GET /products/6309dd974bb9c802483793ec 200 3232 - 213.619 ms
GET /css/main.css 304 - - 1.959 ms
GET /js/main.js 304 - - 1.613 ms
GET / 200 4093 - 283.428 ms
GET /products/6309dd974bb9c802483793ec 200 3202 - 212.835 ms
GET /css/main.css 304 - - 3.292 ms
GET /js/main.js 304 - - 0.558 ms
GET / 200 4093 - 255.376 ms
GET / 200 4093 - 246.703 ms
GET /css/main.css 304 - - 1.100 ms
GET /css/product.css 304 - - 1.069 ms
GET /js/main.js 304 - - 1.746 ms
GET /images/57f177c7-12d1-4e68-8863-8409b6388ac7-coffee.JPG 304 - - 2.176 ms
GET /products/6309dd974bb9c802483793ec 200 3202 - 183.187 ms
GET /css/main.css 304 - - 2.994 ms
GET /js/main.js 304 - - 1.276 ms
GET / 200 4093 - 249.502 ms
GET /products/6309dd974bb9c802483793ec 200 3232 - 271.627 ms
GET /css/main.css 304 - - 1.860 ms
GET /js/main.js 304 - - 0.660 ms
GET / 200 4093 - 280.379 ms
GET / 200 4093 - 276.622 ms
GET /css/main.css 304 - - 3.915 ms
GET /css/product.css 304 - - 3.418 ms
GET /js/main.js 304 - - 1.545 ms
GET /images/57f177c7-12d1-4e68-8863-8409b6388ac7-coffee.JPG 304 - - 1.071 ms
GET /products/6309dd974bb9c802483793ec 200 3232 - 212.199 ms
GET /css/main.css 304 - - 1.000 ms
GET /js/main.js 304 - - 1.068 ms
GET / 200 4093 - 281.468 ms
GET /products/6309dd974bb9c802483793ec 200 3231 - 214.433 ms
GET /css/main.css 304 - - 3.640 ms
GET /js/main.js 304 - - 1.186 ms
GET / 200 4093 - 283.199 ms
GET /products/6309dd974bb9c802483793ec 200 - - 202.130 ms
GET /css/main.css 304 - - 3.270 ms
GET /js/main.js 304 - - 0.813 ms
GET / 200 - - 272.000 ms
GET /products/6309dd974bb9c802483793ec 200 - - 224.447 ms
GET /css/main.css 304 - - 6.217 ms
GET /js/main.js 304 - - 0.627 ms
GET / 200 - - 261.675 ms
GET /images/ 404 - - 145.456 ms
GET /images/57f177c7-12d1-4e68-8863-8409b6388ac7-coffee.JPG 304 - - 1.478 ms
GET /products/6309dd974bb9c802483793ec 200 - - 215.680 ms
GET /css/main.css 304 - - 0.979 ms
GET /js/main.js 304 - - 0.963 ms
GET / 200 - - 284.604 ms
GET /images/ 404 - - 235.060 ms
GET /images/57f177c7-12d1-4e68-8863-8409b6388ac7-coffee.JPG 304 - - 2.457 ms
GET /products/6309dd974bb9c802483793ec 200 - - 210.803 ms
GET /css/main.css 304 - - 0.739 ms
GET /js/main.js 304 - - 0.846 ms
GET / 200 - - 278.518 ms
GET /products/6309dd974bb9c802483793ec 200 - - 208.907 ms
GET /css/main.css 304 - - 1.830 ms
GET /images/57f177c7-12d1-4e68-8863-8409b6388ac7-coffee.JPG 304 - - 2.001 ms
GET /js/main.js 304 - - 2.375 ms
GET / 200 - - 271.498 ms
GET /css/main.css 304 - - 3.216 ms
GET /css/product.css 304 - - 3.077 ms
GET /js/main.js 304 - - 1.037 ms
GET /images/57f177c7-12d1-4e68-8863-8409b6388ac7-coffee.JPG 304 - - 1.124 ms
GET /products/6309dd974bb9c802483793ec 200 - - 207.927 ms
GET /css/main.css 304 - - 1.429 ms
GET /images/57f177c7-12d1-4e68-8863-8409b6388ac7-coffee.JPG 304 - - 1.788 ms
GET /js/main.js 304 - - 1.993 ms
